{"level":"info","message":"Hello from Acqusitions!","service":"acquisitions-api"}
{"level":"info","message":"::1 - - [26/Jan/2026:11:12:44 +0000] \"GET / HTTP/1.1\" 304 - \"-\" \"Mozilla/5.0 (Windows NT 10.0; Win64; x64) AppleWebKit/537.36 (KHTML, like Gecko) Chrome/144.0.0.0 Safari/537.36\"","service":"acquisitions-api"}
{"level":"info","message":"::1 - - [26/Jan/2026:11:12:48 +0000] \"GET /.well-known/appspecific/com.chrome.devtools.json HTTP/1.1\" 404 187 \"-\" \"Mozilla/5.0 (Windows NT 10.0; Win64; x64) AppleWebKit/537.36 (KHTML, like Gecko) Chrome/144.0.0.0 Safari/537.36\"","service":"acquisitions-api"}
{"level":"info","message":"Hello from Acqusitions!","service":"acquisitions-api"}
{"level":"info","message":"::1 - - [26/Jan/2026:11:20:06 +0000] \"GET / HTTP/1.1\" 304 - \"-\" \"Mozilla/5.0 (Windows NT 10.0; Win64; x64) AppleWebKit/537.36 (KHTML, like Gecko) Chrome/144.0.0.0 Safari/537.36\"","service":"acquisitions-api"}
{"level":"info","message":"::1 - - [26/Jan/2026:11:20:13 +0000] \"GET /health HTTP/1.1\" 200 73 \"-\" \"Mozilla/5.0 (Windows NT 10.0; Win64; x64) AppleWebKit/537.36 (KHTML, like Gecko) Chrome/144.0.0.0 Safari/537.36\"","service":"acquisitions-api"}
{"level":"info","message":"Hello from Acqusitions!","service":"acquisitions-api"}
{"level":"info","message":"::1 - - [27/Jan/2026:09:13:12 +0000] \"GET / HTTP/1.1\" 200 35 \"-\" \"PostmanRuntime/7.51.0\"","service":"acquisitions-api"}
{"level":"info","message":"::1 - - [27/Jan/2026:09:14:37 +0000] \"GET /api HTTP/1.1\" 200 42 \"-\" \"PostmanRuntime/7.51.0\"","service":"acquisitions-api"}
{"level":"info","message":"::1 - - [27/Jan/2026:09:14:43 +0000] \"GET /health HTTP/1.1\" 200 74 \"-\" \"PostmanRuntime/7.51.0\"","service":"acquisitions-api"}
{"level":"info","message":"::1 - - [27/Jan/2026:09:15:03 +0000] \"POST /api/auth/sign-in HTTP/1.1\" 200 31 \"-\" \"PostmanRuntime/7.51.0\"","service":"acquisitions-api"}
{"level":"info","message":"::1 - - [27/Jan/2026:10:04:29 +0000] \"POST /api/auth/sign-up HTTP/1.1\" 200 31 \"-\" \"PostmanRuntime/7.51.0\"","service":"acquisitions-api"}
{"level":"info","message":"::1 - - [27/Jan/2026:10:06:30 +0000] \"POST /api/auth/sign-up HTTP/1.1\" 400 92 \"-\" \"PostmanRuntime/7.51.0\"","service":"acquisitions-api"}
{"level":"info","message":"User registered successfully: john.doe@example.com","service":"acquisitions-api"}
{"level":"info","message":"::1 - - [27/Jan/2026:10:07:24 +0000] \"POST /api/auth/sign-up HTTP/1.1\" 201 108 \"-\" \"PostmanRuntime/7.51.0\"","service":"acquisitions-api"}
{"level":"error","message":"Error creating the user: TypeError: Cannot convert undefined or null to object","service":"acquisitions-api"}
{"level":"error","message":"Signup error Cannot convert undefined or null to object","service":"acquisitions-api","stack":"TypeError: Cannot convert undefined or null to object\n    at Object.entries (<anonymous>)\n    at orderSelectedFields (file:///C:/Users/USER/Documents/devops-app/acqusitions/node_modules/drizzle-orm/utils.js:55:17)\n    at file:///C:/Users/USER/Documents/devops-app/acqusitions/node_modules/drizzle-orm/utils.js:65:22\n    at Array.reduce (<anonymous>)\n    at orderSelectedFields (file:///C:/Users/USER/Documents/devops-app/acqusitions/node_modules/drizzle-orm/utils.js:55:33)\n    at QueryPromise.returning (file:///C:/Users/USER/Documents/devops-app/acqusitions/node_modules/drizzle-orm/pg-core/query-builders/insert.js:75:29)\n    at createUser (file:///C:/Users/USER/Documents/devops-app/acqusitions/src/services/auth.service.js:34:8)\n    at async signup (file:///C:/Users/USER/Documents/devops-app/acqusitions/src/controllers/auth.controller.js:20:18)"}
{"level":"info","message":"::1 - - [27/Jan/2026:10:22:46 +0000] \"POST /api/auth/sign-up HTTP/1.1\" 500 1094 \"-\" \"PostmanRuntime/7.51.0\"","service":"acquisitions-api"}
{"level":"error","message":"Error creating the user: TypeError: Cannot convert undefined or null to object","service":"acquisitions-api"}
{"level":"error","message":"Signup error Cannot convert undefined or null to object","service":"acquisitions-api","stack":"TypeError: Cannot convert undefined or null to object\n    at Object.entries (<anonymous>)\n    at orderSelectedFields (file:///C:/Users/USER/Documents/devops-app/acqusitions/node_modules/drizzle-orm/utils.js:55:17)\n    at file:///C:/Users/USER/Documents/devops-app/acqusitions/node_modules/drizzle-orm/utils.js:65:22\n    at Array.reduce (<anonymous>)\n    at orderSelectedFields (file:///C:/Users/USER/Documents/devops-app/acqusitions/node_modules/drizzle-orm/utils.js:55:33)\n    at QueryPromise.returning (file:///C:/Users/USER/Documents/devops-app/acqusitions/node_modules/drizzle-orm/pg-core/query-builders/insert.js:75:29)\n    at createUser (file:///C:/Users/USER/Documents/devops-app/acqusitions/src/services/auth.service.js:34:8)\n    at async signup (file:///C:/Users/USER/Documents/devops-app/acqusitions/src/controllers/auth.controller.js:20:18)"}
{"level":"info","message":"::1 - - [27/Jan/2026:10:26:45 +0000] \"POST /api/auth/sign-up HTTP/1.1\" 500 1094 \"-\" \"PostmanRuntime/7.51.0\"","service":"acquisitions-api"}
{"level":"error","message":"Error creating the user: TypeError: Cannot convert undefined or null to object","service":"acquisitions-api"}
{"level":"error","message":"Signup error Cannot convert undefined or null to object","service":"acquisitions-api","stack":"TypeError: Cannot convert undefined or null to object\n    at Object.entries (<anonymous>)\n    at orderSelectedFields (file:///C:/Users/USER/Documents/devops-app/acqusitions/node_modules/drizzle-orm/utils.js:55:17)\n    at file:///C:/Users/USER/Documents/devops-app/acqusitions/node_modules/drizzle-orm/utils.js:65:22\n    at Array.reduce (<anonymous>)\n    at orderSelectedFields (file:///C:/Users/USER/Documents/devops-app/acqusitions/node_modules/drizzle-orm/utils.js:55:33)\n    at QueryPromise.returning (file:///C:/Users/USER/Documents/devops-app/acqusitions/node_modules/drizzle-orm/pg-core/query-builders/insert.js:75:29)\n    at createUser (file:///C:/Users/USER/Documents/devops-app/acqusitions/src/services/auth.service.js:34:8)\n    at async signup (file:///C:/Users/USER/Documents/devops-app/acqusitions/src/controllers/auth.controller.js:20:18)"}
{"level":"info","message":"::1 - - [27/Jan/2026:10:28:19 +0000] \"POST /api/auth/sign-up HTTP/1.1\" 500 1094 \"-\" \"PostmanRuntime/7.51.0\"","service":"acquisitions-api"}
{"level":"error","message":"Error creating the user: TypeError: Cannot convert undefined or null to object","service":"acquisitions-api"}
{"level":"error","message":"Signup error Cannot convert undefined or null to object","service":"acquisitions-api","stack":"TypeError: Cannot convert undefined or null to object\n    at Object.entries (<anonymous>)\n    at orderSelectedFields (file:///C:/Users/USER/Documents/devops-app/acqusitions/node_modules/drizzle-orm/utils.js:55:17)\n    at file:///C:/Users/USER/Documents/devops-app/acqusitions/node_modules/drizzle-orm/utils.js:65:22\n    at Array.reduce (<anonymous>)\n    at orderSelectedFields (file:///C:/Users/USER/Documents/devops-app/acqusitions/node_modules/drizzle-orm/utils.js:55:33)\n    at QueryPromise.returning (file:///C:/Users/USER/Documents/devops-app/acqusitions/node_modules/drizzle-orm/pg-core/query-builders/insert.js:75:29)\n    at createUser (file:///C:/Users/USER/Documents/devops-app/acqusitions/src/services/auth.service.js:34:8)\n    at async signup (file:///C:/Users/USER/Documents/devops-app/acqusitions/src/controllers/auth.controller.js:20:18)"}
{"level":"info","message":"::1 - - [27/Jan/2026:10:29:07 +0000] \"POST /api/auth/sign-up HTTP/1.1\" 500 1094 \"-\" \"PostmanRuntime/7.51.0\"","service":"acquisitions-api"}
{"level":"info","message":"User john.doe@example.com created successfully","service":"acquisitions-api"}
{"level":"error","message":"Signup error res.cookies is not a function","service":"acquisitions-api","stack":"TypeError: res.cookies is not a function\n    at Object.set (file:///C:/Users/USER/Documents/devops-app/acqusitions/src/utils/cookies.js:9:9)\n    at signup (file:///C:/Users/USER/Documents/devops-app/acqusitions/src/controllers/auth.controller.js:28:13)\n    at process.processTicksAndRejections (node:internal/process/task_queues:103:5)"}
{"level":"info","message":"::1 - - [27/Jan/2026:10:32:32 +0000] \"POST /api/auth/sign-up HTTP/1.1\" 500 501 \"-\" \"PostmanRuntime/7.51.0\"","service":"acquisitions-api"}
{"level":"info","message":"User jane.doe@example.com created successfully","service":"acquisitions-api"}
{"level":"info","message":"User registered successfully: jane.doe@example.com","service":"acquisitions-api"}
{"level":"info","message":"::1 - - [27/Jan/2026:10:34:19 +0000] \"POST /api/auth/sign-up HTTP/1.1\" 201 108 \"-\" \"PostmanRuntime/7.51.0\"","service":"acquisitions-api"}
{"level":"info","message":"User signed in successfully: jane.doe@example.com","service":"acquisitions-api"}
{"level":"info","message":"::1 - - [27/Jan/2026:11:30:07 +0000] \"POST /api/auth/sign-in HTTP/1.1\" 200 107 \"-\" \"PostmanRuntime/7.51.0\"","service":"acquisitions-api"}
{"level":"info","message":"User signed out successfully","service":"acquisitions-api"}
{"level":"info","message":"::1 - - [27/Jan/2026:11:30:26 +0000] \"POST /api/auth/sign-out HTTP/1.1\" 200 29 \"-\" \"PostmanRuntime/7.51.0\"","service":"acquisitions-api"}
{"ip":"::1","level":"warn","message":"Bot request blocked","path":"/health","service":"acquisitions-api","userAgent":"PostmanRuntime/7.51.0"}
{"level":"info","message":"::1 - - [27/Jan/2026:12:00:22 +0000] \"GET /health HTTP/1.1\" 403 68 \"-\" \"PostmanRuntime/7.51.0\"","service":"acquisitions-api"}
{"ip":"::1","level":"warn","message":"Bot request blocked","path":"/health","service":"acquisitions-api","userAgent":"PostmanRuntime/7.51.0"}
{"level":"info","message":"::1 - - [27/Jan/2026:12:01:08 +0000] \"GET /health HTTP/1.1\" 403 68 \"-\" \"PostmanRuntime/7.51.0\"","service":"acquisitions-api"}
{"level":"info","message":"::1 - - [27/Jan/2026:12:03:44 +0000] \"GET /health HTTP/1.1\" 200 73 \"-\" \"PostmanRuntime/7.51.0\"","service":"acquisitions-api"}
{"ip":"::1","level":"warn","message":"Bot request blocked","path":"/health","service":"acquisitions-api","userAgent":"PostmanRuntime/7.51.0"}
{"level":"info","message":"::1 - - [27/Jan/2026:12:04:45 +0000] \"GET /health HTTP/1.1\" 403 68 \"-\" \"PostmanRuntime/7.51.0\"","service":"acquisitions-api"}
{"ip":"::1","level":"warn","message":"Bot request blocked","path":"/health","service":"acquisitions-api","userAgent":"PostmanRuntime/7.51.0"}
{"level":"info","message":"::1 - - [27/Jan/2026:12:04:47 +0000] \"GET /health HTTP/1.1\" 403 68 \"-\" \"PostmanRuntime/7.51.0\"","service":"acquisitions-api"}
{"level":"info","message":"Hello from Acquisitions!","service":"acquisitions-api"}
{"level":"info","message":"::1 - - [28/Jan/2026:09:58:44 +0000] \"GET / HTTP/1.1\" 200 24 \"-\" \"Mozilla/5.0 (Windows NT 10.0; Win64; x64) AppleWebKit/537.36 (KHTML, like Gecko) Chrome/144.0.0.0 Safari/537.36\"","service":"acquisitions-api"}
{"level":"info","message":"::1 - - [28/Jan/2026:09:58:45 +0000] \"GET /favicon.ico HTTP/1.1\" 404 27 \"-\" \"Mozilla/5.0 (Windows NT 10.0; Win64; x64) AppleWebKit/537.36 (KHTML, like Gecko) Chrome/144.0.0.0 Safari/537.36\"","service":"acquisitions-api"}
{"level":"info","message":"::1 - - [28/Jan/2026:09:58:48 +0000] \"GET /api HTTP/1.1\" 200 42 \"-\" \"Mozilla/5.0 (Windows NT 10.0; Win64; x64) AppleWebKit/537.36 (KHTML, like Gecko) Chrome/144.0.0.0 Safari/537.36\"","service":"acquisitions-api"}
{"level":"info","message":"::1 - - [28/Jan/2026:09:59:20 +0000] \"GET /health HTTP/1.1\" 200 76 \"-\" \"Mozilla/5.0 (Windows NT 10.0; Win64; x64) AppleWebKit/537.36 (KHTML, like Gecko) Chrome/144.0.0.0 Safari/537.36\"","service":"acquisitions-api"}
{"ip":"::1","level":"warn","message":"Bot request blocked","path":"/api/auth/sign-up","service":"acquisitions-api","userAgent":"PostmanRuntime/7.51.0"}
{"level":"info","message":"::1 - - [28/Jan/2026:10:00:21 +0000] \"POST /api/auth/sign-up HTTP/1.1\" 403 68 \"-\" \"PostmanRuntime/7.51.0\"","service":"acquisitions-api"}
{"ip":"::1","level":"warn","message":"Bot request blocked","path":"/api/auth/sign-up","service":"acquisitions-api","userAgent":"PostmanRuntime/7.51.0"}
{"level":"info","message":"::1 - - [28/Jan/2026:10:03:49 +0000] \"POST /api/auth/sign-up HTTP/1.1\" 403 68 \"-\" \"PostmanRuntime/7.51.0\"","service":"acquisitions-api"}
{"ip":"::1","level":"warn","message":"Bot request blocked","path":"/api/auth/sign-up","service":"acquisitions-api","userAgent":"PostmanRuntime/7.51.0"}
{"level":"info","message":"::1 - - [28/Jan/2026:10:07:24 +0000] \"POST /api/auth/sign-up HTTP/1.1\" 403 68 \"-\" \"PostmanRuntime/7.51.0\"","service":"acquisitions-api"}
{"level":"info","message":"User raphael@example.com created successfully","service":"acquisitions-api"}
{"level":"info","message":"User registered successfully: raphael@example.com","service":"acquisitions-api"}
{"level":"info","message":"::1 - - [28/Jan/2026:10:10:09 +0000] \"POST /api/auth/sign-up HTTP/1.1\" 201 106 \"-\" \"PostmanRuntime/7.51.0\"","service":"acquisitions-api"}
{"level":"info","message":"::ffff:127.0.0.1 - - [28/Jan/2026:13:38:02 +0000] \"GET /health HTTP/1.1\" 200 73 \"-\" \"-\"","service":"acquisitions-api"}
{"level":"info","message":"::ffff:127.0.0.1 - - [28/Jan/2026:13:38:02 +0000] \"GET /api HTTP/1.1\" 200 42 \"-\" \"-\"","service":"acquisitions-api"}
{"level":"info","message":"::ffff:127.0.0.1 - - [28/Jan/2026:13:38:02 +0000] \"GET /nonexsistent HTTP/1.1\" 404 27 \"-\" \"-\"","service":"acquisitions-api"}
